[debug] [2021-09-03T09:43:49.825Z] ----------------------------------------------------------------------
[debug] [2021-09-03T09:43:49.828Z] Command:       C:\Program Files\nodejs\node.exe C:\Users\jinnai_369\AppData\Roaming\npm\node_modules\firebase-tools\lib\bin\firebase.js init
[debug] [2021-09-03T09:43:49.828Z] CLI Version:   9.16.5
[debug] [2021-09-03T09:43:49.828Z] Platform:      win32
[debug] [2021-09-03T09:43:49.829Z] Node Version:  v16.6.0
[debug] [2021-09-03T09:43:49.834Z] Time:          Fri Sep 03 2021 18:43:49 GMT+0900 (日本標準時)
[debug] [2021-09-03T09:43:49.834Z] ----------------------------------------------------------------------
[debug] 
[debug] [2021-09-03T09:43:49.908Z] > command requires scopes: ["email","openid","https://www.googleapis.com/auth/cloudplatformprojects.readonly","https://www.googleapis.com/auth/firebase","https://www.googleapis.com/auth/cloud-platform"]
[debug] [2021-09-03T09:43:49.908Z] > authorizing via signed-in user (j.shirakashi.jb@gmail.com)
[info] 
     ######## #### ########  ######## ########     ###     ######  ########
     ##        ##  ##     ## ##       ##     ##  ##   ##  ##       ##
     ######    ##  ########  ######   ########  #########  ######  ######
     ##        ##  ##    ##  ##       ##     ## ##     ##       ## ##
     ##       #### ##     ## ######## ########  ##     ##  ######  ########

You're about to initialize a Firebase project in this directory:

  C:\Users\jinnai_369\prg\hackthon2

Before we get started, keep in mind:

  * You are initializing within an existing Firebase project directory

